#
# There is insufficient memory for the Java Runtime Environment to continue.
# Native memory allocation (mmap) failed to map 134217728 bytes for G1 virtual space
# Possible reasons:
#   The system is out of physical RAM or swap space
#   The process is running with CompressedOops enabled, and the Java Heap may be blocking the growth of the native heap
# Possible solutions:
#   Reduce memory load on the system
#   Increase physical memory or swap space
#   Check if swap backing store is full
#   Decrease Java heap size (-Xmx/-Xms)
#   Decrease number of Java threads
#   Decrease Java thread stack sizes (-Xss)
#   Set larger code cache with -XX:ReservedCodeCacheSize=
#   JVM is running with Unscaled Compressed Oops mode in which the Java heap is
#     placed in the first 4GB address space. The Java Heap base address is the
#     maximum limit for the native heap growth. Please use -XX:HeapBaseMinAddress
#     to set the Java Heap base and to place the Java Heap above 4GB virtual address.
# This output file may be truncated or incomplete.
#
#  Out of Memory Error (os_windows.cpp:3600), pid=13852, tid=19692
#
# JRE version:  (21.0.5+9) (build )
# Java VM: Java HotSpot(TM) 64-Bit Server VM (21.0.5+9-LTS-239, mixed mode, sharing, tiered, compressed oops, compressed class ptrs, g1 gc, windows-amd64)
# No core dump will be written. Minidumps are not enabled by default on client versions of Windows
#

---------------  S U M M A R Y ------------

Command Line: -Dclassworlds.conf=C:\apache-maven-3.8.8\bin\m2.conf -Dmaven.home=C:\apache-maven-3.8.8 -Dlibrary.jansi.path=C:\apache-maven-3.8.8\lib\jansi-native -Dmaven.multiModuleProjectDirectory=C:\Users\Adrianna\Desktop\wcs\Spring\MyBlog org.codehaus.plexus.classworlds.launcher.Launcher clean install

Host: Intel(R) Core(TM) i5-8250U CPU @ 1.60GHz, 8 cores, 7G,  Windows 11 , 64 bit Build 22621 (10.0.22621.4391)
Time: Wed Jan 15 16:55:28 2025 Paris, Madrid elapsed time: 0.019211 seconds (0d 0h 0m 0s)

---------------  T H R E A D  ---------------

Current thread (0x0000024798ae2950):  JavaThread "Unknown thread" [_thread_in_vm, id=19692, stack(0x000000d13ff00000,0x000000d140000000) (1024K)]

Stack: [0x000000d13ff00000,0x000000d140000000]
Native frames: (J=compiled Java code, j=interpreted, Vv=VM code, C=native code)
V  [jvm.dll+0x6ca289]
V  [jvm.dll+0x854a51]
V  [jvm.dll+0x856f7e]
V  [jvm.dll+0x857653]
V  [jvm.dll+0x27dd26]
V  [jvm.dll+0x6c6a25]
V  [jvm.dll+0x6bb5aa]
V  [jvm.dll+0x35359a]
V  [jvm.dll+0x35b1f6]
V  [jvm.dll+0x3adade]
V  [jvm.dll+0x3add88]
V  [jvm.dll+0x3278fc]
V  [jvm.dll+0x32845b]
V  [jvm.dll+0x81de19]
V  [jvm.dll+0x3ba7c1]
V  [jvm.dll+0x807168]
V  [jvm.dll+0x44f96e]
V  [jvm.dll+0x451561]
C  [jli.dll+0x52a3]
C  [ucrtbase.dll+0x29333]
C  [KERNEL32.DLL+0x1259d]
C  [ntdll.dll+0x5af38]


---------------  P R O C E S S  ---------------

Threads class SMR info:
_java_thread_list=0x00007ffdd500ac08, length=0, elements={
}

Java Threads: ( => current thread )
Total: 0

Other Threads:
  0x000002479ad66ab0 WorkerThread "GC Thread#0"                     [id=11552, stack(0x000000d140000000,0x000000d140100000) (1024K)]
  0x000002479ad778d0 ConcurrentGCThread "G1 Main Marker"            [id=3396, stack(0x000000d140100000,0x000000d140200000) (1024K)]
  0x000002479ad78a70 WorkerThread "G1 Conc#0"                       [id=680, stack(0x000000d140200000,0x000000d140300000) (1024K)]

[error occurred during error reporting (printing all threads), id 0xc0000005, EXCEPTION_ACCESS_VIOLATION (0xc0000005) at pc=0x00007ffdd477a087]
VM state: not at safepoint (not fully initialized)

VM Mutex/Monitor currently owned by a thread:  ([mutex/lock_event])
[0x00007ffdd507bf98] Heap_lock - owner thread: 0x0000024798ae2950

Heap address: 0x0000000081a00000, size: 2022 MB, Compressed Oops mode: 32-bit

CDS archive(s) mapped at: [0x0000000000000000-0x0000000000000000-0x0000000000000000), size 0, SharedBaseAddress: 0x0000000800000000, ArchiveRelocationMode: 1.
Narrow klass base: 0x0000000000000000, Narrow klass shift: 0, Narrow klass range: 0x0

GC Precious Log:
 CardTable entry size: 512
 Card Set container configuration: InlinePtr #cards 5 size 8 Array Of Cards #cards 12 size 40 Howl #buckets 4 coarsen threshold 1843 Howl Bitmap #cards 512 size 80 coarsen threshold 460 Card regions per heap region 1 cards per card region 2048

Heap:
 garbage-first heap   total 0K, used 0K [0x0000000081a00000, 0x0000000100000000)
  region size 1024K, 0 young (0K), 0 survivors (0K)

[error occurred during error reporting (printing heap information), id 0xc0000005, EXCEPTION_ACCESS_VIOLATION (0xc0000005) at pc=0x00007ffdd4b63259]
GC Heap History (0 events):
No events

Dll operation events (1 events):
Event: 0.013 Loaded shared library C:\Program Files\Java\jdk-21\bin\java.dll

Deoptimization events (0 events):
No events

Classes loaded (0 events):
No events

Classes unloaded (0 events):
No events

Classes redefined (0 events):
No events

Internal exceptions (0 events):
No events

ZGC Phase Switch (0 events):
No events

VM Operations (0 events):
No events

Events (0 events):
No events


Dynamic libraries:
0x00007ff78f290000 - 0x00007ff78f2a0000 	C:\Program Files\Java\jdk-21\bin\java.exe
0x00007ffe78770000 - 0x00007ffe78987000 	C:\WINDOWS\SYSTEM32\ntdll.dll
0x00007ffe465a0000 - 0x00007ffe465ba000 	C:\Program Files\Avast Software\Avast\aswhook.dll
0x00007ffe76cc0000 - 0x00007ffe76d84000 	C:\WINDOWS\System32\KERNEL32.DLL
0x00007ffe75bb0000 - 0x00007ffe75f6a000 	C:\WINDOWS\System32\KERNELBASE.dll
0x00007ffe76230000 - 0x00007ffe76341000 	C:\WINDOWS\System32\ucrtbase.dll
0x00007ffe54c70000 - 0x00007ffe54c8b000 	C:\Program Files\Java\jdk-21\bin\VCRUNTIME140.dll
0x00007ffe54a30000 - 0x00007ffe54a49000 	C:\Program Files\Java\jdk-21\bin\jli.dll
0x00007ffe77820000 - 0x00007ffe778d2000 	C:\WINDOWS\System32\ADVAPI32.dll
0x00007ffe76590000 - 0x00007ffe76637000 	C:\WINDOWS\System32\msvcrt.dll
0x00007ffe77db0000 - 0x00007ffe77e57000 	C:\WINDOWS\System32\sechost.dll
0x00007ffe76200000 - 0x00007ffe76228000 	C:\WINDOWS\System32\bcrypt.dll
0x00007ffe767b0000 - 0x00007ffe768c4000 	C:\WINDOWS\System32\RPCRT4.dll
0x00007ffe774c0000 - 0x00007ffe7766e000 	C:\WINDOWS\System32\USER32.dll
0x00007ffe75a40000 - 0x00007ffe75a66000 	C:\WINDOWS\System32\win32u.dll
0x00007ffe5da30000 - 0x00007ffe5dcc2000 	C:\WINDOWS\WinSxS\amd64_microsoft.windows.common-controls_6595b64144ccf1df_6.0.22621.4541_none_2710d1c57384c085\COMCTL32.dll
0x00007ffe76470000 - 0x00007ffe76499000 	C:\WINDOWS\System32\GDI32.dll
0x00007ffe75f70000 - 0x00007ffe7608b000 	C:\WINDOWS\System32\gdi32full.dll
0x00007ffe76350000 - 0x00007ffe763ea000 	C:\WINDOWS\System32\msvcp_win.dll
0x00007ffe6aaf0000 - 0x00007ffe6aafa000 	C:\WINDOWS\SYSTEM32\VERSION.dll
0x00007ffe77d70000 - 0x00007ffe77da1000 	C:\WINDOWS\System32\IMM32.DLL
0x00007ffe5d600000 - 0x00007ffe5d60c000 	C:\Program Files\Java\jdk-21\bin\vcruntime140_1.dll
0x00007ffe52660000 - 0x00007ffe526ee000 	C:\Program Files\Java\jdk-21\bin\msvcp140.dll
0x00007ffdd4440000 - 0x00007ffdd5158000 	C:\Program Files\Java\jdk-21\bin\server\jvm.dll
0x00007ffe76b20000 - 0x00007ffe76b91000 	C:\WINDOWS\System32\WS2_32.dll
0x00007ffe752a0000 - 0x00007ffe752ed000 	C:\WINDOWS\SYSTEM32\POWRPROF.dll
0x00007ffe6a7f0000 - 0x00007ffe6a824000 	C:\WINDOWS\SYSTEM32\WINMM.dll
0x00007ffe75280000 - 0x00007ffe75293000 	C:\WINDOWS\SYSTEM32\UMPDC.dll
0x00007ffe74a80000 - 0x00007ffe74a98000 	C:\WINDOWS\SYSTEM32\kernel.appcore.dll
0x00007ffe595b0000 - 0x00007ffe595ba000 	C:\Program Files\Java\jdk-21\bin\jimage.dll
0x00007ffe73460000 - 0x00007ffe73692000 	C:\WINDOWS\SYSTEM32\DBGHELP.DLL
0x00007ffe779e0000 - 0x00007ffe77d6f000 	C:\WINDOWS\System32\combase.dll
0x00007ffe764a0000 - 0x00007ffe76577000 	C:\WINDOWS\System32\OLEAUT32.dll
0x00007ffe63590000 - 0x00007ffe635c2000 	C:\WINDOWS\SYSTEM32\dbgcore.DLL
0x00007ffe763f0000 - 0x00007ffe7646b000 	C:\WINDOWS\System32\bcryptPrimitives.dll
0x00007ffe549d0000 - 0x00007ffe549ef000 	C:\Program Files\Java\jdk-21\bin\java.dll

dbghelp: loaded successfully - version: 4.0.5 - missing functions: none
symbol engine: initialized successfully - sym options: 0x614 - pdb path: .;C:\Program Files\Java\jdk-21\bin;C:\WINDOWS\SYSTEM32;C:\Program Files\Avast Software\Avast;C:\WINDOWS\WinSxS\amd64_microsoft.windows.common-controls_6595b64144ccf1df_6.0.22621.4541_none_2710d1c57384c085;C:\Program Files\Java\jdk-21\bin\server

VM Arguments:
jvm_args: -Dclassworlds.conf=C:\apache-maven-3.8.8\bin\m2.conf -Dmaven.home=C:\apache-maven-3.8.8 -Dlibrary.jansi.path=C:\apache-maven-3.8.8\lib\jansi-native -Dmaven.multiModuleProjectDirectory=C:\Users\Adrianna\Desktop\wcs\Spring\MyBlog 
java_command: org.codehaus.plexus.classworlds.launcher.Launcher clean install
java_class_path (initial): C:\apache-maven-3.8.8\boot\plexus-classworlds-2.6.0.jar
Launcher Type: SUN_STANDARD

[Global flags]
     intx CICompilerCount                          = 4                                         {product} {ergonomic}
     uint ConcGCThreads                            = 2                                         {product} {ergonomic}
     uint G1ConcRefinementThreads                  = 8                                         {product} {ergonomic}
   size_t G1HeapRegionSize                         = 1048576                                   {product} {ergonomic}
    uintx GCDrainStackTargetSize                   = 64                                        {product} {ergonomic}
   size_t InitialHeapSize                          = 134217728                                 {product} {ergonomic}
   size_t MarkStackSize                            = 4194304                                   {product} {ergonomic}
   size_t MaxHeapSize                              = 2120220672                                {product} {ergonomic}
   size_t MinHeapDeltaBytes                        = 1048576                                   {product} {ergonomic}
   size_t MinHeapSize                              = 8388608                                   {product} {ergonomic}
    uintx NonNMethodCodeHeapSize                   = 5839372                                {pd product} {ergonomic}
    uintx NonProfiledCodeHeapSize                  = 122909434                              {pd product} {ergonomic}
    uintx ProfiledCodeHeapSize                     = 122909434                              {pd product} {ergonomic}
    uintx ReservedCodeCacheSize                    = 251658240                              {pd product} {ergonomic}
     bool SegmentedCodeCache                       = true                                      {product} {ergonomic}
   size_t SoftMaxHeapSize                          = 2120220672                             {manageable} {ergonomic}
     bool UseCompressedOops                        = true                           {product lp64_product} {ergonomic}
     bool UseG1GC                                  = true                                      {product} {ergonomic}
     bool UseLargePagesIndividualAllocation        = false                                  {pd product} {ergonomic}

Logging:
Log output configuration:
 #0: stdout all=warning uptime,level,tags foldmultilines=false
 #1: stderr all=off uptime,level,tags foldmultilines=false

Environment Variables:
JAVA_HOME=C:\Program Files\Java\jdk-21
PATH=C:\Program Files\Common Files\Oracle\Java\javapath;C:\Program Files (x86)\Intel\iCLS Client\;C:\Program Files\Intel\iCLS Client\;C:\WINDOWS\system32;C:\WINDOWS;C:\WINDOWS\System32\Wbem;C:\WINDOWS\System32\WindowsPowerShell\v1.0\;C:\Program Files\Intel\WiFi\bin\;C:\Program Files\Common Files\Intel\WirelessCommon\;C:\Program Files (x86)\Intel\Intel(R) Management Engine Components\DAL;C:\Program Files\Intel\Intel(R) Management Engine Components\DAL;C:\Program Files (x86)\Intel\Intel(R) Management Engine Components\IPT;C:\Program Files\Intel\Intel(R) Management Engine Components\IPT;C:\WINDOWS\System32\OpenSSH\;C:\xamppp\php;C:\ProgramData\ComposerSetup\bin;C:\Program Files\symfony;C:\UsersAdrianna\AppData\Roaming\npm\;C:\ProgramData\chocolatey\bin;C:\Program Files\nodejs\;C:\Program Files\Git\cmd;C:\Program Files\Java\jdk-21\bin;C:\apache-maven-3.8.8\bin;C:\Program Files\MySQL\MySQL Server 8.0\bin;C:\Users\Adrianna\AppData\Local\Programs\Python\Launcher\;C:\Program Files\MySQL\MySQL Shell 8.0\bin\;C:\Users\Adrianna\AppData\Local\Microsoft\WindowsApps;C:\Users\Adrianna\AppData\Local\Programs\Microsoft VS Code\bin;;C:\Program Files\JetBrains\IntelliJ IDEA Community Edition 2022.3.1\bin;;C:\Users\Adrianna\AppData\Roaming\Composer\vendor\bin;C:\Users\Adrianna\AppData\Roaming\npm;C:\Program Files\JetBrains\IntelliJ IDEA 2024.3.1.1\bin;
USERNAME=Adrianna
OS=Windows_NT
PROCESSOR_IDENTIFIER=Intel64 Family 6 Model 142 Stepping 10, GenuineIntel
TMP=C:\Users\Adrianna\AppData\Local\Temp
TEMP=C:\Users\Adrianna\AppData\Local\Temp




Periodic native trim disabled

---------------  S Y S T E M  ---------------

OS:
 Windows 11 , 64 bit Build 22621 (10.0.22621.4391)
OS uptime: 0 days 4:58 hours

CPU: total 8 (initial active 8) (4 cores per cpu, 2 threads per core) family 6 model 142 stepping 10 microcode 0xf0, cx8, cmov, fxsr, ht, mmx, 3dnowpref, sse, sse2, sse3, ssse3, sse4.1, sse4.2, popcnt, lzcnt, tsc, tscinvbit, avx, avx2, aes, erms, clmul, bmi1, bmi2, adx, fma, vzeroupper, clflush, clflushopt, rdtscp, f16c
Processor Information for all 8 processors :
  Max Mhz: 1800, Current Mhz: 1600, Mhz Limit: 1584

Memory: 4k page, system-wide physical 8083M (827M free)
TotalPageFile size 12179M (AvailPageFile size 48M)
current process WorkingSet (physical memory assigned to process): 11M, peak: 11M
current process commit charge ("private bytes"): 60M, peak: 188M

vm_info: Java HotSpot(TM) 64-Bit Server VM (21.0.5+9-LTS-239) for windows-amd64 JRE (21.0.5+9-LTS-239), built on 2024-09-30T05:17:38Z by "mach5one" with MS VC++ 17.6 (VS2022)

END.
